Arguments: 
  /Users/1seestars/.nvm/versions/node/v14.8.0/bin/node /Users/1seestars/.nvm/versions/node/v14.8.0/bin/yarn add @type/node -D

PATH: 
  /Users/1seestars/.nvm/versions/node/v14.8.0/bin:/usr/local/bin:/usr/bin:/bin:/usr/sbin:/sbin:/Library/Apple/usr/bin:/Users/1seestars/Documents/js-projects/sandbox/graphql-posts-app/node_modules/.bin:/Users/1seestars/Library/Android/sdk/emulator:/Users/1seestars/Library/Android/sdk/tools:/Users/1seestars/Library/Android/sdk/tools/bin:/Users/1seestars/Library/Android/sdk/platform-tools

Yarn version: 
  1.22.5

Node version: 
  14.8.0

Platform: 
  darwin x64

Trace: 
  Error: https://registry.yarnpkg.com/@type%2fnode: Not found
      at Request.params.callback [as _callback] (/Users/1seestars/.nvm/versions/node/v14.8.0/lib/node_modules/yarn/lib/cli.js:66988:18)
      at Request.self.callback (/Users/1seestars/.nvm/versions/node/v14.8.0/lib/node_modules/yarn/lib/cli.js:140662:22)
      at Request.emit (events.js:314:20)
      at Request.<anonymous> (/Users/1seestars/.nvm/versions/node/v14.8.0/lib/node_modules/yarn/lib/cli.js:141634:10)
      at Request.emit (events.js:314:20)
      at IncomingMessage.<anonymous> (/Users/1seestars/.nvm/versions/node/v14.8.0/lib/node_modules/yarn/lib/cli.js:141556:12)
      at Object.onceWrapper (events.js:420:28)
      at IncomingMessage.emit (events.js:326:22)
      at endReadableNT (_stream_readable.js:1244:12)
      at processTicksAndRejections (internal/process/task_queues.js:80:21)

npm manifest: 
  {
    "name": "server",
    "version": "1.0.0",
    "main": "index.js",
    "license": "MIT"
  }

yarn manifest: 
  No manifest

Lockfile: 
  No lockfile
